<?xml version="1.0" encoding="UTF-8"?>
<!-- Generated by org.testng.reporters.JUnitXMLReporter -->
<testsuite hostname="LAPTOP-QQO8ETHD" ignored="3" name="Default test" tests="1" failures="0" timestamp="2021-01-27T22:35:52 CST" time="115.519" errors="0">
  <testcase name="Testcase4" time="115.274" classname="framework.Demo"/>
  <testcase name="Testcase3" time="0.0" classname="framework.Demo">
    <ignored/>
  </testcase> <!-- Testcase3 -->
  <testcase name="Testcase2" time="0.0" classname="framework.Demo">
    <ignored/>
  </testcase> <!-- Testcase2 -->
  <testcase name="Testcase1" time="0.0" classname="framework.Demo">
    <ignored/>
  </testcase> <!-- Testcase1 -->
</testsuite> <!-- Default test -->
