<?xml version="1.0" encoding="UTF-8"?>
<!-- Generated by org.testng.reporters.JUnitXMLReporter -->
<testsuite hostname="LAPTOP-QQO8ETHD" ignored="4" name="Default test" tests="1" failures="0" timestamp="2021-02-07T22:29:31 CST" time="98.144" errors="0">
  <testcase name="Testcase5SignInOut" time="98.029" classname="framework.Assignment"/>
  <testcase name="Testcase3HelpAndSupport" time="0.0" classname="framework.Assignment">
    <ignored/>
  </testcase> <!-- Testcase3HelpAndSupport -->
  <testcase name="Testcase2CovidDismiss" time="0.0" classname="framework.Assignment">
    <ignored/>
  </testcase> <!-- Testcase2CovidDismiss -->
  <testcase name="Testcase4SignUp" time="0.0" classname="framework.Assignment">
    <ignored/>
  </testcase> <!-- Testcase4SignUp -->
  <testcase name="Testcase1WhatsnewDismiss" time="0.0" classname="framework.Assignment">
    <ignored/>
  </testcase> <!-- Testcase1WhatsnewDismiss -->
</testsuite> <!-- Default test -->
