<?xml version="1.0" encoding="UTF-8"?>
<testng-results skipped="0" failed="0" ignored="3" total="4" passed="1">
  <reporter-output>
  </reporter-output>
  <suite name="Suite" duration-ms="107737" started-at="2021-01-27T23:24:50 CST" finished-at="2021-01-27T23:26:38 CST">
    <groups>
    </groups>
    <test name="Test" duration-ms="107737" started-at="2021-01-27T23:24:50 CST" finished-at="2021-01-27T23:26:38 CST">
      <class name="framework.Demo">
        <test-method status="PASS" signature="beforeMethod()[pri:0, instance:framework.Demo@4671e53b]" name="beforeMethod" is-config="true" duration-ms="25" started-at="2021-01-27T23:24:50 CST" finished-at="2021-01-27T23:24:50 CST">
          <reporter-output>
          </reporter-output>
        </test-method> <!-- beforeMethod -->
        <test-method status="PASS" signature="Testcase4()[pri:0, instance:framework.Demo@4671e53b]" name="Testcase4" duration-ms="107577" started-at="2021-01-27T23:24:50 CST" finished-at="2021-01-27T23:26:38 CST">
          <reporter-output>
          </reporter-output>
        </test-method> <!-- Testcase4 -->
      </class> <!-- framework.Demo -->
    </test> <!-- Test -->
  </suite> <!-- Suite -->
</testng-results>
