<?xml version="1.0" encoding="UTF-8"?>
<testng-results skipped="0" failed="0" ignored="4" total="5" passed="1">
  <reporter-output>
  </reporter-output>
  <suite name="Default suite" duration-ms="98144" started-at="2021-02-07T22:27:53 CST" finished-at="2021-02-07T22:29:31 CST">
    <groups>
    </groups>
    <test name="Default test" duration-ms="98144" started-at="2021-02-07T22:27:53 CST" finished-at="2021-02-07T22:29:31 CST">
      <class name="framework.Assignment">
        <test-method status="PASS" signature="beforeMethod()[pri:0, instance:framework.Assignment@2db7a79b]" name="beforeMethod" is-config="true" duration-ms="29" started-at="2021-02-07T22:27:53 CST" finished-at="2021-02-07T22:27:53 CST">
          <reporter-output>
          </reporter-output>
        </test-method> <!-- beforeMethod -->
        <test-method status="PASS" signature="Testcase5SignInOut()[pri:0, instance:framework.Assignment@2db7a79b]" name="Testcase5SignInOut" duration-ms="98029" started-at="2021-02-07T22:27:53 CST" finished-at="2021-02-07T22:29:31 CST">
          <reporter-output>
          </reporter-output>
        </test-method> <!-- Testcase5SignInOut -->
      </class> <!-- framework.Assignment -->
    </test> <!-- Default test -->
  </suite> <!-- Default suite -->
</testng-results>
