<?xml version="1.0" encoding="UTF-8"?>
<!-- Generated by org.testng.reporters.JUnitXMLReporter -->
<testsuite hostname="LAPTOP-QQO8ETHD" ignored="3" name="Test" tests="1" failures="0" timestamp="2021-02-05T18:24:19 CST" time="90.401" errors="0">
  <testcase name="Testcase4" time="90.29" classname="framework.Demo"/>
  <testcase name="Testcase3" time="0.0" classname="framework.Demo">
    <ignored/>
  </testcase> <!-- Testcase3 -->
  <testcase name="Testcase2" time="0.0" classname="framework.Demo">
    <ignored/>
  </testcase> <!-- Testcase2 -->
  <testcase name="Testcase1" time="0.0" classname="framework.Demo">
    <ignored/>
  </testcase> <!-- Testcase1 -->
</testsuite> <!-- Test -->
